<?xml version="1.0" encoding="UTF-8"?>
<testng-results skipped="0" failed="0" ignored="0" total="2" passed="2">
  <reporter-output>
  </reporter-output>
  <suite name="myBeepr_suite" duration-ms="183606" started-at="2020-03-22T00:11:08 AEDT" finished-at="2020-03-22T00:14:11 AEDT">
    <groups>
    </groups>
    <test name="myBeepr_test" duration-ms="183606" started-at="2020-03-22T00:11:08 AEDT" finished-at="2020-03-22T00:14:11 AEDT">
      <class name="tests.LoginTest">
        <test-method status="PASS" signature="setup()[pri:0, instance:tests.LoginTest@25af5db5]" name="setup" is-config="true" duration-ms="73159" started-at="2020-03-22T00:11:08 AEDT" finished-at="2020-03-22T00:12:21 AEDT">
          <reporter-output>
          </reporter-output>
        </test-method> <!-- setup -->
        <test-method status="PASS" signature="loginTest()[pri:0, instance:tests.LoginTest@25af5db5]" name="loginTest" duration-ms="18550" started-at="2020-03-22T00:12:21 AEDT" finished-at="2020-03-22T00:12:39 AEDT">
          <reporter-output>
          </reporter-output>
        </test-method> <!-- loginTest -->
        <test-method status="PASS" signature="teardown()[pri:0, instance:tests.LoginTest@25af5db5]" name="teardown" is-config="true" duration-ms="1119" started-at="2020-03-22T00:12:39 AEDT" finished-at="2020-03-22T00:12:41 AEDT">
          <reporter-output>
          </reporter-output>
        </test-method> <!-- teardown -->
        <test-method status="PASS" signature="setup()[pri:0, instance:tests.LoginTest@25af5db5]" name="setup" is-config="true" duration-ms="68837" started-at="2020-03-22T00:12:41 AEDT" finished-at="2020-03-22T00:13:49 AEDT">
          <reporter-output>
          </reporter-output>
        </test-method> <!-- setup -->
        <test-method status="PASS" signature="signup()[pri:0, instance:tests.LoginTest@25af5db5]" name="signup" duration-ms="20752" started-at="2020-03-22T00:13:49 AEDT" finished-at="2020-03-22T00:14:10 AEDT">
          <reporter-output>
          </reporter-output>
        </test-method> <!-- signup -->
        <test-method status="PASS" signature="teardown()[pri:0, instance:tests.LoginTest@25af5db5]" name="teardown" is-config="true" duration-ms="1101" started-at="2020-03-22T00:14:10 AEDT" finished-at="2020-03-22T00:14:11 AEDT">
          <reporter-output>
          </reporter-output>
        </test-method> <!-- teardown -->
      </class> <!-- tests.LoginTest -->
    </test> <!-- myBeepr_test -->
  </suite> <!-- myBeepr_suite -->
</testng-results>
